<?xml version="1.0" encoding="UTF-8"?>
<!-- Generated by org.testng.reporters.JUnitReportReporter -->
<testsuite hostname="VAGI-PC" failures="0" tests="2" name="com.testpackage.demoLogin" time="18.362" errors="0" timestamp="2021-08-01T00:44:33 IST" skipped="0">
  <testcase classname="com.testpackage.demoLogin" name="titleTest" time="7.771"/>
  <system-out/>
  <testcase classname="com.testpackage.demoLogin" name="logoTest" time="10.591"/>
  <system-out/>
</testsuite> <!-- com.testpackage.demoLogin -->
