<?xml version="1.0" encoding="UTF-8"?>
<!-- Generated by org.testng.reporters.JUnitReportReporter -->
<testsuite hostname="VAGI-PC" failures="0" tests="1" name="Academy.validateTitle" time="0.068" errors="0" timestamp="2021-08-06T17:59:15 IST" skipped="0">
  <testcase classname="Academy.validateTitle" name="validateAppTitle" time="0.068"/>
  <system-out/>
</testsuite> <!-- Academy.validateTitle -->
