<?xml version="1.0" encoding="UTF-8"?>
<!-- Generated by org.testng.reporters.JUnitReportReporter -->
<testsuite hostname="VAGI-PC" failures="0" tests="1" name="Academy.ValidateBanner" time="0.278" errors="0" timestamp="2021-08-06T17:59:15 IST" skipped="0">
  <testcase classname="Academy.ValidateBanner" name="validateBanner" time="0.278"/>
  <system-out/>
</testsuite> <!-- Academy.ValidateBanner -->
