<?xml version="1.0" encoding="UTF-8"?>
<!-- Generated by org.testng.reporters.JUnitReportReporter -->
<testsuite hostname="VAGI-PC" failures="0" tests="1" name="Academy.validateNavigationBar" time="0.056" errors="0" timestamp="2021-08-06T17:59:15 IST" skipped="0">
  <testcase classname="Academy.validateNavigationBar" name="basePageNavigation" time="0.056"/>
  <system-out/>
</testsuite> <!-- Academy.validateNavigationBar -->
